<?xml version="1.0" encoding="UTF-8"?>
<testng-results skipped="0" failed="0" ignored="0" total="2" passed="2">
  <reporter-output>
  </reporter-output>
  <suite name="Default suite" duration-ms="11597" started-at="2018-05-27T17:51:57Z" finished-at="2018-05-27T17:52:08Z">
    <groups>
    </groups>
    <test name="Default test" duration-ms="11597" started-at="2018-05-27T17:51:57Z" finished-at="2018-05-27T17:52:08Z">
      <class name="automationFramework.DataProviderTest">
        <test-method status="PASS" signature="initialize()[pri:0, instance:automationFramework.DataProviderTest@7cd62f43]" name="initialize" is-config="true" duration-ms="4937" started-at="2018-05-27T17:51:57Z" finished-at="2018-05-27T17:52:02Z">
          <reporter-output>
          </reporter-output>
        </test-method> <!-- initialize -->
        <test-method status="PASS" signature="test(java.lang.String, java.lang.String)[pri:0, instance:automationFramework.DataProviderTest@7cd62f43]" name="test" duration-ms="154" started-at="2018-05-27T17:52:02Z" data-provider="Authentication" finished-at="2018-05-27T17:52:02Z">
          <params>
            <param index="0">
              <value>
                <![CDATA[test1]]>
              </value>
            </param>
            <param index="1">
              <value>
                <![CDATA[password1]]>
              </value>
            </param>
          </params>
          <reporter-output>
          </reporter-output>
        </test-method> <!-- test -->
        <test-method status="PASS" signature="kill()[pri:0, instance:automationFramework.DataProviderTest@7cd62f43]" name="kill" is-config="true" duration-ms="736" started-at="2018-05-27T17:52:02Z" finished-at="2018-05-27T17:52:03Z">
          <reporter-output>
          </reporter-output>
        </test-method> <!-- kill -->
        <test-method status="PASS" signature="initialize()[pri:0, instance:automationFramework.DataProviderTest@7cd62f43]" name="initialize" is-config="true" duration-ms="4973" started-at="2018-05-27T17:52:03Z" finished-at="2018-05-27T17:52:08Z">
          <reporter-output>
          </reporter-output>
        </test-method> <!-- initialize -->
        <test-method status="PASS" signature="test(java.lang.String, java.lang.String)[pri:0, instance:automationFramework.DataProviderTest@7cd62f43]" name="test" duration-ms="140" started-at="2018-05-27T17:52:08Z" data-provider="Authentication" finished-at="2018-05-27T17:52:08Z">
          <params>
            <param index="0">
              <value>
                <![CDATA[test2]]>
              </value>
            </param>
            <param index="1">
              <value>
                <![CDATA[password2]]>
              </value>
            </param>
          </params>
          <reporter-output>
          </reporter-output>
        </test-method> <!-- test -->
        <test-method status="PASS" signature="kill()[pri:0, instance:automationFramework.DataProviderTest@7cd62f43]" name="kill" is-config="true" duration-ms="633" started-at="2018-05-27T17:52:08Z" finished-at="2018-05-27T17:52:08Z">
          <reporter-output>
          </reporter-output>
        </test-method> <!-- kill -->
      </class> <!-- automationFramework.DataProviderTest -->
    </test> <!-- Default test -->
  </suite> <!-- Default suite -->
</testng-results>
